1580256699863:board
1580256913376:start
1580256915455:board
1580257324054:start
1580257327532:board
1580257356484:move
1580257381943:move 6 0 5 0
1580258358889:board
1580258361475:start
1580258363417:board
1580259184011:quit
1580259602390:board
1580259905910:start
1580259910405:board
1580259922125:move 6 4 4 4
1580259945011:move 7 3 3 7
1580260068979:quit
1580260168243:start
1580260170288:board
1580260185295:move 6 4 4 4
1580260192117:move 7 3 3 7
1580260547119:start
1580260548113:board
1580260552213:move 6 4 4 4
1580260557150:move 7 3 3 7
1580260961848:start
1580260962909:board
1580260968184:move 6 4 4 4
1580260976353:move 7 3 3 7
1580260992100:move 3 7 3 4
1580261067033:board
1580261077960:move 3 7 4 7
1580261087758:move 4 7 4 4
1580261110610:move 4 7 3 7
1580261116628:move 3 7 3 4
1580261136710:start
1580261138029:board
1580261145124:move 6 4 4 6
1580261209222:move 6 4 4 4
1580261214093:move 7 3 3 7
1580261231875:move 3 7 3 4
1580261375408:start
1580261377419:board
1580261383401:move 6 4 4 4
1580261390000:move 7 3 3 7
1580261416177:move 3 7 3 4
1580261422808:move 3 4 4 4
1580261425053:board
1580261444897:move 3 4 1 4
1580261453259:move 1 4 1 3
1580261465832:move 1 3 3 3
1580261482478:move 3 3 5 5
1580261485023:board
1580261493223:move 3 3 4 3
1580261506212:move 4 3 4 5
1580261507587:board
1580261520846:move 4 3 5 4
1580261553202:move 5 4 3 4
1580261554521:board
1580261565301:move 7 0 4 0
1580261566812:board
1580261577857:move 6 0 4 0
1580261584296:move 7 0 5 0
1580261595369:move 5 0 5 3
1580261612304:move 5 3 4 2
1580261614055:board
1580261625928:move 5 3 5 5
1580261627125:board
1580261640327:move 5 3 0 3
1580261713546:start
1580261714729:board
1580261722886:move 6 4 4 4
1580261734186:move 7 1 5 2
1580261794295:move 5 2 7 1
1580261802279:move 7 1 5 0
1580261816917:move 5 0 4 2
1580261826495:move 4 2 3 4
1580261837044:move 3 4 1 5
1580261928680:move 6 2 4 2
1580261945126:move 6 3 5 3
1580261958197:move 7 2 3 6
1580261967965:move 3 6 3 5
1580261969751:board
1580262035905:move 3 6 2 5
1580262044295:move 2 5 3 4
1580262053997:move 3 4 1 2
1580262074906:move 7 4 6 4
1580262084071:move 6 4 6 5
1580262085718:board
1580262096563:move 6 4 5 3
1580262098551:board
